<?xml version="1.0" encoding="UTF-8"?>
<!-- Generated by org.testng.reporters.JUnitReportReporter -->
<testsuite hostname="DESKTOP-81VHF3A" failures="0" tests="5" name="tests.SearchTest" time="76.377" errors="0" timestamp="17 May 2023 05:28:13 GMT" skipped="0">
  <testcase classname="tests.SearchTest" name="SearchNoResult" time="19.521"/>
  <testcase classname="tests.SearchTest" name="IgnoreCase" time="7.433"/>
  <testcase classname="tests.SearchTest" name="RelativeSearch" time="7.619"/>
  <testcase classname="tests.SearchTest" name="AbsoluteSearch" time="19.394"/>
  <testcase classname="tests.SearchTest" name="IgnoreAccentedLetter" time="22.410"/>
</testsuite> <!-- tests.SearchTest -->
