<?xml version="1.0" encoding="UTF-8"?>
<!-- Generated by org.testng.reporters.JUnitReportReporter -->
<testsuite hostname="DESKTOP-81VHF3A" failures="0" tests="1" name="tests.SearchTest$RegisterTest" time="19.537" errors="0" timestamp="17 May 2023 05:25:25 GMT" skipped="0">
  <testcase classname="tests.SearchTest$RegisterTest" name="SearchNoResult" time="19.537"/>
</testsuite> <!-- tests.SearchTest$RegisterTest -->
