<?xml version="1.0" encoding="UTF-8"?>
<!-- Generated by org.testng.reporters.JUnitReportReporter -->
<testsuite hostname="DESKTOP-81VHF3A" failures="0" tests="10" name="tests.RegisterTest" time="42.544" errors="0" timestamp="17 May 2023 04:36:48 GMT" skipped="0">
  <testcase classname="tests.RegisterTest" name="IgnoreEmail" time="4.153"/>
  <testcase classname="tests.RegisterTest" name="IgnoreName" time="3.083"/>
  <testcase classname="tests.RegisterTest" name="IgnorePhone" time="2.304"/>
  <testcase classname="tests.RegisterTest" name="IgnorePassword" time="4.011"/>
  <testcase classname="tests.RegisterTest" name="PasswordNotMatch" time="3.046"/>
  <testcase classname="tests.RegisterTest" name="PasswordLengthLessMinLength" time="3.077"/>
  <testcase classname="tests.RegisterTest" name="PhoneNumberOtherNumeric" time="2.955"/>
  <testcase classname="tests.RegisterTest" name="EmailIncorrectFormat" time="2.609"/>
  <testcase classname="tests.RegisterTest" name="SuccessRegister" time="6.401"/>
  <testcase classname="tests.RegisterTest" name="EmailAlreadyExists" time="10.905"/>
</testsuite> <!-- tests.RegisterTest -->
