<?xml version="1.0" encoding="UTF-8"?>
<!-- Generated by org.testng.reporters.JUnitReportReporter -->
<testsuite hostname="DESKTOP-81VHF3A" failures="0" tests="1" name="tests.LoginTest" time="2.463" errors="0" timestamp="17 May 2023 08:53:10 GMT" skipped="0">
  <testcase classname="tests.LoginTest" name="AttackXSS" time="2.463"/>
</testsuite> <!-- tests.LoginTest -->
